<?xml version="1.0" encoding="UTF-8"?>
<testsuite name="com.spring.sample.dashboard.SampleDashboardApplicationTests" tests="1" skipped="0" failures="0" errors="0" timestamp="2017-01-06T14:39:59" hostname="BenMac.local" time="0.002">
  <properties/>
  <testcase name="contextLoads" classname="com.spring.sample.dashboard.SampleDashboardApplicationTests" time="0.002"/>
  <system-out><![CDATA[22:39:56.841 [Test worker] DEBUG org.springframework.test.context.junit4.SpringJUnit4ClassRunner - SpringJUnit4ClassRunner constructor called with [class com.spring.sample.dashboard.SampleDashboardApplicationTests]
22:39:56.846 [Test worker] DEBUG org.springframework.test.context.BootstrapUtils - Instantiating CacheAwareContextLoaderDelegate from class [org.springframework.test.context.cache.DefaultCacheAwareContextLoaderDelegate]
22:39:56.852 [Test worker] DEBUG org.springframework.test.context.BootstrapUtils - Instantiating BootstrapContext using constructor [public org.springframework.test.context.support.DefaultBootstrapContext(java.lang.Class,org.springframework.test.context.CacheAwareContextLoaderDelegate)]
22:39:56.861 [Test worker] DEBUG org.springframework.test.context.BootstrapUtils - Instantiating TestContextBootstrapper for test class [com.spring.sample.dashboard.SampleDashboardApplicationTests] from class [org.springframework.test.context.support.DefaultTestContextBootstrapper]
22:39:56.886 [Test worker] DEBUG org.springframework.test.context.support.DefaultTestContextBootstrapper - Found explicit ContextLoader class [org.springframework.boot.test.SpringApplicationContextLoader] for context configuration attributes [ContextConfigurationAttributes@424ae433 declaringClass = 'com.spring.sample.dashboard.SampleDashboardApplicationTests', classes = '{class com.spring.sample.dashboard.SampleDashboardApplication}', locations = '{}', inheritLocations = true, initializers = '{}', inheritInitializers = true, name = [null], contextLoaderClass = 'org.springframework.boot.test.SpringApplicationContextLoader']
22:39:56.894 [Test worker] DEBUG org.springframework.test.context.support.AbstractContextLoader - Did not detect default resource location for test class [com.spring.sample.dashboard.SampleDashboardApplicationTests]: class path resource [com/spring/sample/dashboard/SampleDashboardApplicationTests-context.xml] does not exist
22:39:56.894 [Test worker] DEBUG org.springframework.test.context.support.AbstractContextLoader - Did not detect default resource location for test class [com.spring.sample.dashboard.SampleDashboardApplicationTests]: class path resource [com/spring/sample/dashboard/SampleDashboardApplicationTestsContext.groovy] does not exist
22:39:56.894 [Test worker] INFO org.springframework.test.context.support.AbstractContextLoader - Could not detect default resource locations for test class [com.spring.sample.dashboard.SampleDashboardApplicationTests]: no resource found for suffixes {-context.xml, Context.groovy}.
22:39:56.896 [Test worker] DEBUG org.springframework.test.context.support.ActiveProfilesUtils - Could not find an 'annotation declaring class' for annotation type [org.springframework.test.context.ActiveProfiles] and class [com.spring.sample.dashboard.SampleDashboardApplicationTests]
22:39:56.900 [Test worker] DEBUG org.springframework.test.context.support.DefaultTestContextBootstrapper - @TestExecutionListeners is not present for class [com.spring.sample.dashboard.SampleDashboardApplicationTests]: using defaults.
22:39:56.908 [Test worker] INFO org.springframework.test.context.support.DefaultTestContextBootstrapper - Loaded default TestExecutionListener class names from location [META-INF/spring.factories]: [org.springframework.test.context.web.ServletTestExecutionListener, org.springframework.test.context.support.DirtiesContextBeforeModesTestExecutionListener, org.springframework.test.context.support.DependencyInjectionTestExecutionListener, org.springframework.test.context.support.DirtiesContextTestExecutionListener, org.springframework.test.context.transaction.TransactionalTestExecutionListener, org.springframework.test.context.jdbc.SqlScriptsTestExecutionListener]
22:39:56.914 [Test worker] INFO org.springframework.test.context.support.DefaultTestContextBootstrapper - Could not instantiate TestExecutionListener [org.springframework.test.context.transaction.TransactionalTestExecutionListener]. Specify custom listener classes or make the default listener classes (and their required dependencies) available. Offending class: [org/springframework/transaction/interceptor/TransactionAttributeSource]
22:39:56.916 [Test worker] INFO org.springframework.test.context.support.DefaultTestContextBootstrapper - Could not instantiate TestExecutionListener [org.springframework.test.context.jdbc.SqlScriptsTestExecutionListener]. Specify custom listener classes or make the default listener classes (and their required dependencies) available. Offending class: [org/springframework/transaction/interceptor/TransactionAttribute]
22:39:56.921 [Test worker] INFO org.springframework.test.context.support.DefaultTestContextBootstrapper - Using TestExecutionListeners: [org.springframework.test.context.web.ServletTestExecutionListener@316244c0, org.springframework.test.context.support.DirtiesContextBeforeModesTestExecutionListener@40f1b07a, org.springframework.test.context.support.DependencyInjectionTestExecutionListener@428baf4f, org.springframework.test.context.support.DirtiesContextTestExecutionListener@109cf81d]
22:39:56.924 [Test worker] DEBUG org.springframework.test.annotation.ProfileValueUtils - Retrieved @ProfileValueSourceConfiguration [null] for test class [com.spring.sample.dashboard.SampleDashboardApplicationTests]
22:39:56.924 [Test worker] DEBUG org.springframework.test.annotation.ProfileValueUtils - Retrieved ProfileValueSource type [class org.springframework.test.annotation.SystemProfileValueSource] for class [com.spring.sample.dashboard.SampleDashboardApplicationTests]
22:39:56.925 [Test worker] DEBUG org.springframework.test.annotation.ProfileValueUtils - Retrieved @ProfileValueSourceConfiguration [null] for test class [com.spring.sample.dashboard.SampleDashboardApplicationTests]
22:39:56.925 [Test worker] DEBUG org.springframework.test.annotation.ProfileValueUtils - Retrieved ProfileValueSource type [class org.springframework.test.annotation.SystemProfileValueSource] for class [com.spring.sample.dashboard.SampleDashboardApplicationTests]
22:39:56.929 [Test worker] DEBUG org.springframework.test.context.support.AbstractDirtiesContextTestExecutionListener - Before test class: context [DefaultTestContext@39c7ff9e testClass = SampleDashboardApplicationTests, testInstance = [null], testMethod = [null], testException = [null], mergedContextConfiguration = [MergedContextConfiguration@3ce50051 testClass = SampleDashboardApplicationTests, locations = '{}', classes = '{class com.spring.sample.dashboard.SampleDashboardApplication}', contextInitializerClasses = '[]', activeProfiles = '{}', propertySourceLocations = '{}', propertySourceProperties = '{}', contextLoader = 'org.springframework.boot.test.SpringApplicationContextLoader', parent = [null]]], class annotated with @DirtiesContext [false] with mode [null].
22:39:56.930 [Test worker] DEBUG org.springframework.test.annotation.ProfileValueUtils - Retrieved @ProfileValueSourceConfiguration [null] for test class [com.spring.sample.dashboard.SampleDashboardApplicationTests]
22:39:56.930 [Test worker] DEBUG org.springframework.test.annotation.ProfileValueUtils - Retrieved ProfileValueSource type [class org.springframework.test.annotation.SystemProfileValueSource] for class [com.spring.sample.dashboard.SampleDashboardApplicationTests]
22:39:56.933 [Test worker] DEBUG org.springframework.test.context.support.DependencyInjectionTestExecutionListener - Performing dependency injection for test context [[DefaultTestContext@39c7ff9e testClass = SampleDashboardApplicationTests, testInstance = com.spring.sample.dashboard.SampleDashboardApplicationTests@362a9dd1, testMethod = [null], testException = [null], mergedContextConfiguration = [MergedContextConfiguration@3ce50051 testClass = SampleDashboardApplicationTests, locations = '{}', classes = '{class com.spring.sample.dashboard.SampleDashboardApplication}', contextInitializerClasses = '[]', activeProfiles = '{}', propertySourceLocations = '{}', propertySourceProperties = '{}', contextLoader = 'org.springframework.boot.test.SpringApplicationContextLoader', parent = [null]]]].
22:39:56.993 [Test worker] DEBUG org.springframework.core.env.StandardEnvironment - Adding [systemProperties] PropertySource with lowest search precedence
22:39:56.995 [Test worker] DEBUG org.springframework.core.env.StandardEnvironment - Adding [systemEnvironment] PropertySource with lowest search precedence
22:39:56.995 [Test worker] DEBUG org.springframework.core.env.StandardEnvironment - Initialized StandardEnvironment with PropertySources [systemProperties,systemEnvironment]
22:39:56.997 [Test worker] DEBUG org.springframework.core.env.StandardEnvironment - Adding [integrationTest] PropertySource with search precedence immediately lower than [systemEnvironment]
2017-01-06 22:39:57.389  INFO 2718 --- [    Test worker] s.c.a.AnnotationConfigApplicationContext : Refreshing org.springframework.context.annotation.AnnotationConfigApplicationContext@429463eb: startup date [Fri Jan 06 22:39:57 HKT 2017]; root of context hierarchy
2017-01-06 22:39:57.756  INFO 2718 --- [    Test worker] trationDelegate$BeanPostProcessorChecker : Bean 'configurationPropertiesRebinderAutoConfiguration' of type [class org.springframework.cloud.autoconfigure.ConfigurationPropertiesRebinderAutoConfiguration$$EnhancerBySpringCGLIB$$33f87206] is not eligible for getting processed by all BeanPostProcessors (for example: not eligible for auto-proxying)

  .   ____          _            __ _ _
 /\\ / ___'_ __ _ _(_)_ __  __ _ \ \ \ \
( ( )\___ | '_ | '_| | '_ \/ _` | \ \ \ \
 \\/  ___)| |_)| | | | | || (_| |  ) ) ) )
  '  |____| .__|_| |_|_| |_\__, | / / / /
 =========|_|==============|___/=/_/_/_/
 :: Spring Boot ::        (v1.3.8.RELEASE)

2017-01-06 22:39:58.110  INFO 2718 --- [    Test worker] c.s.s.d.SampleDashboardApplicationTests  : No active profile set, falling back to default profiles: default
2017-01-06 22:39:58.127  INFO 2718 --- [    Test worker] s.c.a.AnnotationConfigApplicationContext : Refreshing org.springframework.context.annotation.AnnotationConfigApplicationContext@12b766cd: startup date [Fri Jan 06 22:39:58 HKT 2017]; parent: org.springframework.context.annotation.AnnotationConfigApplicationContext@429463eb
2017-01-06 22:39:58.529  WARN 2718 --- [    Test worker] o.s.c.a.ConfigurationClassPostProcessor  : Cannot enhance @Configuration bean definition 'refreshScope' since its singleton instance has been created too early. The typical cause is a non-static @Bean method with a BeanDefinitionRegistryPostProcessor return type: Consider declaring such methods as 'static'.
2017-01-06 22:39:58.583  INFO 2718 --- [    Test worker] o.s.cloud.context.scope.GenericScope     : BeanFactory id=7f0e5d27-b605-3ef7-9f4e-46230d629ec8
2017-01-06 22:39:58.595  INFO 2718 --- [    Test worker] trationDelegate$BeanPostProcessorChecker : Bean 'org.springframework.cloud.autoconfigure.ConfigurationPropertiesRebinderAutoConfiguration' of type [class org.springframework.cloud.autoconfigure.ConfigurationPropertiesRebinderAutoConfiguration$$EnhancerBySpringCGLIB$$33f87206] is not eligible for getting processed by all BeanPostProcessors (for example: not eligible for auto-proxying)
2017-01-06 22:39:58.732  INFO 2718 --- [    Test worker] o.s.ui.freemarker.SpringTemplateLoader   : SpringTemplateLoader for FreeMarker: using resource loader [org.springframework.context.annotation.AnnotationConfigApplicationContext@12b766cd: startup date [Fri Jan 06 22:39:58 HKT 2017]; parent: org.springframework.context.annotation.AnnotationConfigApplicationContext@429463eb] and template loader path [classpath:/templates/]
2017-01-06 22:39:58.737  INFO 2718 --- [    Test worker] o.s.w.s.v.f.FreeMarkerConfigurer         : ClassTemplateLoader for Spring macros added to FreeMarker configuration
2017-01-06 22:39:58.952  INFO 2718 --- [    Test worker] o.s.ui.freemarker.SpringTemplateLoader   : SpringTemplateLoader for FreeMarker: using resource loader [org.springframework.context.annotation.AnnotationConfigApplicationContext@12b766cd: startup date [Fri Jan 06 22:39:58 HKT 2017]; parent: org.springframework.context.annotation.AnnotationConfigApplicationContext@429463eb] and template loader path [classpath:/templates/]
2017-01-06 22:39:59.036  WARN 2718 --- [    Test worker] o.s.c.n.a.ArchaiusAutoConfiguration      : No spring.application.name found, defaulting to 'application'
2017-01-06 22:39:59.040  WARN 2718 --- [    Test worker] c.n.c.sources.URLConfigurationSource     : No URLs will be polled as dynamic configuration sources.
2017-01-06 22:39:59.040  INFO 2718 --- [    Test worker] c.n.c.sources.URLConfigurationSource     : To enable URLs as dynamic configuration sources, define System property archaius.configurationSource.additionalUrls or make config.properties available on classpath.
2017-01-06 22:39:59.050  WARN 2718 --- [    Test worker] c.n.c.sources.URLConfigurationSource     : No URLs will be polled as dynamic configuration sources.
2017-01-06 22:39:59.050  INFO 2718 --- [    Test worker] c.n.c.sources.URLConfigurationSource     : To enable URLs as dynamic configuration sources, define System property archaius.configurationSource.additionalUrls or make config.properties available on classpath.
2017-01-06 22:39:59.161  INFO 2718 --- [    Test worker] c.s.s.d.SampleDashboardApplicationTests  : Started SampleDashboardApplicationTests in 2.161 seconds (JVM running for 2.872)
]]></system-out>
  <system-err><![CDATA[]]></system-err>
</testsuite>
