<?xml version="1.0" encoding="UTF-8"?>
<testsuite name="com.spring.sample.dashboard.SampleDashboardApplicationTests" tests="1" skipped="0" failures="0" errors="0" timestamp="2017-01-11T07:35:41" hostname="BenMac.local" time="0.002">
  <properties/>
  <testcase name="contextLoads" classname="com.spring.sample.dashboard.SampleDashboardApplicationTests" time="0.002"/>
  <system-out><![CDATA[15:35:38.922 [Test worker] DEBUG org.springframework.test.context.junit4.SpringJUnit4ClassRunner - SpringJUnit4ClassRunner constructor called with [class com.spring.sample.dashboard.SampleDashboardApplicationTests]
15:35:38.927 [Test worker] DEBUG org.springframework.test.context.BootstrapUtils - Instantiating CacheAwareContextLoaderDelegate from class [org.springframework.test.context.cache.DefaultCacheAwareContextLoaderDelegate]
15:35:38.931 [Test worker] DEBUG org.springframework.test.context.BootstrapUtils - Instantiating BootstrapContext using constructor [public org.springframework.test.context.support.DefaultBootstrapContext(java.lang.Class,org.springframework.test.context.CacheAwareContextLoaderDelegate)]
15:35:38.943 [Test worker] DEBUG org.springframework.test.context.BootstrapUtils - Instantiating TestContextBootstrapper for test class [com.spring.sample.dashboard.SampleDashboardApplicationTests] from class [org.springframework.test.context.support.DefaultTestContextBootstrapper]
15:35:38.975 [Test worker] DEBUG org.springframework.test.context.support.DefaultTestContextBootstrapper - Found explicit ContextLoader class [org.springframework.boot.test.SpringApplicationContextLoader] for context configuration attributes [ContextConfigurationAttributes@1a7b2f84 declaringClass = 'com.spring.sample.dashboard.SampleDashboardApplicationTests', classes = '{class com.spring.sample.dashboard.SampleDashboardApplication}', locations = '{}', inheritLocations = true, initializers = '{}', inheritInitializers = true, name = [null], contextLoaderClass = 'org.springframework.boot.test.SpringApplicationContextLoader']
15:35:38.986 [Test worker] DEBUG org.springframework.test.context.support.AbstractContextLoader - Did not detect default resource location for test class [com.spring.sample.dashboard.SampleDashboardApplicationTests]: class path resource [com/spring/sample/dashboard/SampleDashboardApplicationTests-context.xml] does not exist
15:35:38.986 [Test worker] DEBUG org.springframework.test.context.support.AbstractContextLoader - Did not detect default resource location for test class [com.spring.sample.dashboard.SampleDashboardApplicationTests]: class path resource [com/spring/sample/dashboard/SampleDashboardApplicationTestsContext.groovy] does not exist
15:35:38.986 [Test worker] INFO org.springframework.test.context.support.AbstractContextLoader - Could not detect default resource locations for test class [com.spring.sample.dashboard.SampleDashboardApplicationTests]: no resource found for suffixes {-context.xml, Context.groovy}.
15:35:38.989 [Test worker] DEBUG org.springframework.test.context.support.ActiveProfilesUtils - Could not find an 'annotation declaring class' for annotation type [org.springframework.test.context.ActiveProfiles] and class [com.spring.sample.dashboard.SampleDashboardApplicationTests]
15:35:38.993 [Test worker] DEBUG org.springframework.test.context.support.DefaultTestContextBootstrapper - @TestExecutionListeners is not present for class [com.spring.sample.dashboard.SampleDashboardApplicationTests]: using defaults.
15:35:39.003 [Test worker] INFO org.springframework.test.context.support.DefaultTestContextBootstrapper - Loaded default TestExecutionListener class names from location [META-INF/spring.factories]: [org.springframework.test.context.web.ServletTestExecutionListener, org.springframework.test.context.support.DirtiesContextBeforeModesTestExecutionListener, org.springframework.test.context.support.DependencyInjectionTestExecutionListener, org.springframework.test.context.support.DirtiesContextTestExecutionListener, org.springframework.test.context.transaction.TransactionalTestExecutionListener, org.springframework.test.context.jdbc.SqlScriptsTestExecutionListener]
15:35:39.013 [Test worker] INFO org.springframework.test.context.support.DefaultTestContextBootstrapper - Could not instantiate TestExecutionListener [org.springframework.test.context.jdbc.SqlScriptsTestExecutionListener]. Specify custom listener classes or make the default listener classes (and their required dependencies) available. Offending class: [org/springframework/transaction/interceptor/TransactionAttribute]
15:35:39.014 [Test worker] INFO org.springframework.test.context.support.DefaultTestContextBootstrapper - Could not instantiate TestExecutionListener [org.springframework.test.context.transaction.TransactionalTestExecutionListener]. Specify custom listener classes or make the default listener classes (and their required dependencies) available. Offending class: [org/springframework/transaction/interceptor/TransactionAttributeSource]
15:35:39.024 [Test worker] INFO org.springframework.test.context.support.DefaultTestContextBootstrapper - Using TestExecutionListeners: [org.springframework.test.context.web.ServletTestExecutionListener@339fd8fb, org.springframework.test.context.support.DirtiesContextBeforeModesTestExecutionListener@2c582a23, org.springframework.test.context.support.DependencyInjectionTestExecutionListener@197b9514, org.springframework.test.context.support.DirtiesContextTestExecutionListener@4601607c]
15:35:39.032 [Test worker] DEBUG org.springframework.test.annotation.ProfileValueUtils - Retrieved @ProfileValueSourceConfiguration [null] for test class [com.spring.sample.dashboard.SampleDashboardApplicationTests]
15:35:39.036 [Test worker] DEBUG org.springframework.test.annotation.ProfileValueUtils - Retrieved ProfileValueSource type [class org.springframework.test.annotation.SystemProfileValueSource] for class [com.spring.sample.dashboard.SampleDashboardApplicationTests]
15:35:39.040 [Test worker] DEBUG org.springframework.test.annotation.ProfileValueUtils - Retrieved @ProfileValueSourceConfiguration [null] for test class [com.spring.sample.dashboard.SampleDashboardApplicationTests]
15:35:39.043 [Test worker] DEBUG org.springframework.test.annotation.ProfileValueUtils - Retrieved ProfileValueSource type [class org.springframework.test.annotation.SystemProfileValueSource] for class [com.spring.sample.dashboard.SampleDashboardApplicationTests]
15:35:39.053 [Test worker] DEBUG org.springframework.test.context.support.AbstractDirtiesContextTestExecutionListener - Before test class: context [DefaultTestContext@4e50da25 testClass = SampleDashboardApplicationTests, testInstance = [null], testMethod = [null], testException = [null], mergedContextConfiguration = [MergedContextConfiguration@34589186 testClass = SampleDashboardApplicationTests, locations = '{}', classes = '{class com.spring.sample.dashboard.SampleDashboardApplication}', contextInitializerClasses = '[]', activeProfiles = '{}', propertySourceLocations = '{}', propertySourceProperties = '{}', contextLoader = 'org.springframework.boot.test.SpringApplicationContextLoader', parent = [null]]], class annotated with @DirtiesContext [false] with mode [null].
15:35:39.057 [Test worker] DEBUG org.springframework.test.annotation.ProfileValueUtils - Retrieved @ProfileValueSourceConfiguration [null] for test class [com.spring.sample.dashboard.SampleDashboardApplicationTests]
15:35:39.057 [Test worker] DEBUG org.springframework.test.annotation.ProfileValueUtils - Retrieved ProfileValueSource type [class org.springframework.test.annotation.SystemProfileValueSource] for class [com.spring.sample.dashboard.SampleDashboardApplicationTests]
15:35:39.071 [Test worker] DEBUG org.springframework.test.context.support.DependencyInjectionTestExecutionListener - Performing dependency injection for test context [[DefaultTestContext@4e50da25 testClass = SampleDashboardApplicationTests, testInstance = com.spring.sample.dashboard.SampleDashboardApplicationTests@28fce58a, testMethod = [null], testException = [null], mergedContextConfiguration = [MergedContextConfiguration@34589186 testClass = SampleDashboardApplicationTests, locations = '{}', classes = '{class com.spring.sample.dashboard.SampleDashboardApplication}', contextInitializerClasses = '[]', activeProfiles = '{}', propertySourceLocations = '{}', propertySourceProperties = '{}', contextLoader = 'org.springframework.boot.test.SpringApplicationContextLoader', parent = [null]]]].
15:35:39.187 [Test worker] DEBUG org.springframework.core.env.StandardEnvironment - Adding [systemProperties] PropertySource with lowest search precedence
15:35:39.190 [Test worker] DEBUG org.springframework.core.env.StandardEnvironment - Adding [systemEnvironment] PropertySource with lowest search precedence
15:35:39.190 [Test worker] DEBUG org.springframework.core.env.StandardEnvironment - Initialized StandardEnvironment with PropertySources [systemProperties,systemEnvironment]
15:35:39.192 [Test worker] DEBUG org.springframework.core.env.StandardEnvironment - Adding [integrationTest] PropertySource with search precedence immediately lower than [systemEnvironment]
2017-01-11 15:35:39.672  INFO 3365 --- [    Test worker] s.c.a.AnnotationConfigApplicationContext : Refreshing org.springframework.context.annotation.AnnotationConfigApplicationContext@6bf2514: startup date [Wed Jan 11 15:35:39 HKT 2017]; root of context hierarchy
2017-01-11 15:35:39.946  INFO 3365 --- [    Test worker] trationDelegate$BeanPostProcessorChecker : Bean 'configurationPropertiesRebinderAutoConfiguration' of type [class org.springframework.cloud.autoconfigure.ConfigurationPropertiesRebinderAutoConfiguration$$EnhancerBySpringCGLIB$$de16a1fa] is not eligible for getting processed by all BeanPostProcessors (for example: not eligible for auto-proxying)

  .   ____          _            __ _ _
 /\\ / ___'_ __ _ _(_)_ __  __ _ \ \ \ \
( ( )\___ | '_ | '_| | '_ \/ _` | \ \ \ \
 \\/  ___)| |_)| | | | | || (_| |  ) ) ) )
  '  |____| .__|_| |_|_| |_\__, | / / / /
 =========|_|==============|___/=/_/_/_/
 :: Spring Boot ::        (v1.3.8.RELEASE)

2017-01-11 15:35:40.405  INFO 3365 --- [    Test worker] c.s.s.d.SampleDashboardApplicationTests  : No active profile set, falling back to default profiles: default
2017-01-11 15:35:40.423  INFO 3365 --- [    Test worker] s.c.a.AnnotationConfigApplicationContext : Refreshing org.springframework.context.annotation.AnnotationConfigApplicationContext@7b597a36: startup date [Wed Jan 11 15:35:40 HKT 2017]; parent: org.springframework.context.annotation.AnnotationConfigApplicationContext@6bf2514
2017-01-11 15:35:40.842  WARN 3365 --- [    Test worker] o.s.c.a.ConfigurationClassPostProcessor  : Cannot enhance @Configuration bean definition 'refreshScope' since its singleton instance has been created too early. The typical cause is a non-static @Bean method with a BeanDefinitionRegistryPostProcessor return type: Consider declaring such methods as 'static'.
2017-01-11 15:35:40.889  INFO 3365 --- [    Test worker] o.s.cloud.context.scope.GenericScope     : BeanFactory id=7f0e5d27-b605-3ef7-9f4e-46230d629ec8
2017-01-11 15:35:40.903  INFO 3365 --- [    Test worker] trationDelegate$BeanPostProcessorChecker : Bean 'org.springframework.cloud.autoconfigure.ConfigurationPropertiesRebinderAutoConfiguration' of type [class org.springframework.cloud.autoconfigure.ConfigurationPropertiesRebinderAutoConfiguration$$EnhancerBySpringCGLIB$$de16a1fa] is not eligible for getting processed by all BeanPostProcessors (for example: not eligible for auto-proxying)
2017-01-11 15:35:41.008  INFO 3365 --- [    Test worker] o.s.ui.freemarker.SpringTemplateLoader   : SpringTemplateLoader for FreeMarker: using resource loader [org.springframework.context.annotation.AnnotationConfigApplicationContext@7b597a36: startup date [Wed Jan 11 15:35:40 HKT 2017]; parent: org.springframework.context.annotation.AnnotationConfigApplicationContext@6bf2514] and template loader path [classpath:/templates/]
2017-01-11 15:35:41.010  INFO 3365 --- [    Test worker] o.s.w.s.v.f.FreeMarkerConfigurer         : ClassTemplateLoader for Spring macros added to FreeMarker configuration
2017-01-11 15:35:41.242  INFO 3365 --- [    Test worker] o.s.ui.freemarker.SpringTemplateLoader   : SpringTemplateLoader for FreeMarker: using resource loader [org.springframework.context.annotation.AnnotationConfigApplicationContext@7b597a36: startup date [Wed Jan 11 15:35:40 HKT 2017]; parent: org.springframework.context.annotation.AnnotationConfigApplicationContext@6bf2514] and template loader path [classpath:/templates/]
2017-01-11 15:35:41.340  WARN 3365 --- [    Test worker] o.s.c.n.a.ArchaiusAutoConfiguration      : No spring.application.name found, defaulting to 'application'
2017-01-11 15:35:41.343  WARN 3365 --- [    Test worker] c.n.c.sources.URLConfigurationSource     : No URLs will be polled as dynamic configuration sources.
2017-01-11 15:35:41.344  INFO 3365 --- [    Test worker] c.n.c.sources.URLConfigurationSource     : To enable URLs as dynamic configuration sources, define System property archaius.configurationSource.additionalUrls or make config.properties available on classpath.
2017-01-11 15:35:41.350  WARN 3365 --- [    Test worker] c.n.c.sources.URLConfigurationSource     : No URLs will be polled as dynamic configuration sources.
2017-01-11 15:35:41.350  INFO 3365 --- [    Test worker] c.n.c.sources.URLConfigurationSource     : To enable URLs as dynamic configuration sources, define System property archaius.configurationSource.additionalUrls or make config.properties available on classpath.
2017-01-11 15:35:41.449  INFO 3365 --- [    Test worker] c.s.s.d.SampleDashboardApplicationTests  : Started SampleDashboardApplicationTests in 2.253 seconds (JVM running for 3.383)
]]></system-out>
  <system-err><![CDATA[]]></system-err>
</testsuite>
