<?xml version="1.0" encoding="UTF-8"?>
<testsuite name="com.spring.sample.dashboard.SampleDashboardApplicationTests" tests="1" skipped="0" failures="0" errors="0" timestamp="2017-01-10T03:51:06" hostname="BenMac.local" time="0.002">
  <properties/>
  <testcase name="contextLoads" classname="com.spring.sample.dashboard.SampleDashboardApplicationTests" time="0.002"/>
  <system-out><![CDATA[11:51:03.792 [Test worker] DEBUG org.springframework.test.context.junit4.SpringJUnit4ClassRunner - SpringJUnit4ClassRunner constructor called with [class com.spring.sample.dashboard.SampleDashboardApplicationTests]
11:51:03.796 [Test worker] DEBUG org.springframework.test.context.BootstrapUtils - Instantiating CacheAwareContextLoaderDelegate from class [org.springframework.test.context.cache.DefaultCacheAwareContextLoaderDelegate]
11:51:03.801 [Test worker] DEBUG org.springframework.test.context.BootstrapUtils - Instantiating BootstrapContext using constructor [public org.springframework.test.context.support.DefaultBootstrapContext(java.lang.Class,org.springframework.test.context.CacheAwareContextLoaderDelegate)]
11:51:03.810 [Test worker] DEBUG org.springframework.test.context.BootstrapUtils - Instantiating TestContextBootstrapper for test class [com.spring.sample.dashboard.SampleDashboardApplicationTests] from class [org.springframework.test.context.support.DefaultTestContextBootstrapper]
11:51:03.830 [Test worker] DEBUG org.springframework.test.context.support.DefaultTestContextBootstrapper - Found explicit ContextLoader class [org.springframework.boot.test.SpringApplicationContextLoader] for context configuration attributes [ContextConfigurationAttributes@2e8ad7c1 declaringClass = 'com.spring.sample.dashboard.SampleDashboardApplicationTests', classes = '{class com.spring.sample.dashboard.SampleDashboardApplication}', locations = '{}', inheritLocations = true, initializers = '{}', inheritInitializers = true, name = [null], contextLoaderClass = 'org.springframework.boot.test.SpringApplicationContextLoader']
11:51:03.837 [Test worker] DEBUG org.springframework.test.context.support.AbstractContextLoader - Did not detect default resource location for test class [com.spring.sample.dashboard.SampleDashboardApplicationTests]: class path resource [com/spring/sample/dashboard/SampleDashboardApplicationTests-context.xml] does not exist
11:51:03.837 [Test worker] DEBUG org.springframework.test.context.support.AbstractContextLoader - Did not detect default resource location for test class [com.spring.sample.dashboard.SampleDashboardApplicationTests]: class path resource [com/spring/sample/dashboard/SampleDashboardApplicationTestsContext.groovy] does not exist
11:51:03.837 [Test worker] INFO org.springframework.test.context.support.AbstractContextLoader - Could not detect default resource locations for test class [com.spring.sample.dashboard.SampleDashboardApplicationTests]: no resource found for suffixes {-context.xml, Context.groovy}.
11:51:03.839 [Test worker] DEBUG org.springframework.test.context.support.ActiveProfilesUtils - Could not find an 'annotation declaring class' for annotation type [org.springframework.test.context.ActiveProfiles] and class [com.spring.sample.dashboard.SampleDashboardApplicationTests]
11:51:03.842 [Test worker] DEBUG org.springframework.test.context.support.DefaultTestContextBootstrapper - @TestExecutionListeners is not present for class [com.spring.sample.dashboard.SampleDashboardApplicationTests]: using defaults.
11:51:03.850 [Test worker] INFO org.springframework.test.context.support.DefaultTestContextBootstrapper - Loaded default TestExecutionListener class names from location [META-INF/spring.factories]: [org.springframework.test.context.web.ServletTestExecutionListener, org.springframework.test.context.support.DirtiesContextBeforeModesTestExecutionListener, org.springframework.test.context.support.DependencyInjectionTestExecutionListener, org.springframework.test.context.support.DirtiesContextTestExecutionListener, org.springframework.test.context.transaction.TransactionalTestExecutionListener, org.springframework.test.context.jdbc.SqlScriptsTestExecutionListener]
11:51:03.857 [Test worker] INFO org.springframework.test.context.support.DefaultTestContextBootstrapper - Could not instantiate TestExecutionListener [org.springframework.test.context.transaction.TransactionalTestExecutionListener]. Specify custom listener classes or make the default listener classes (and their required dependencies) available. Offending class: [org/springframework/transaction/interceptor/TransactionAttributeSource]
11:51:03.858 [Test worker] INFO org.springframework.test.context.support.DefaultTestContextBootstrapper - Could not instantiate TestExecutionListener [org.springframework.test.context.jdbc.SqlScriptsTestExecutionListener]. Specify custom listener classes or make the default listener classes (and their required dependencies) available. Offending class: [org/springframework/transaction/interceptor/TransactionAttribute]
11:51:03.860 [Test worker] INFO org.springframework.test.context.support.DefaultTestContextBootstrapper - Using TestExecutionListeners: [org.springframework.test.context.web.ServletTestExecutionListener@76b94f3c, org.springframework.test.context.support.DirtiesContextBeforeModesTestExecutionListener@12ae7a81, org.springframework.test.context.support.DependencyInjectionTestExecutionListener@5325b269, org.springframework.test.context.support.DirtiesContextTestExecutionListener@35944f2a]
11:51:03.865 [Test worker] DEBUG org.springframework.test.annotation.ProfileValueUtils - Retrieved @ProfileValueSourceConfiguration [null] for test class [com.spring.sample.dashboard.SampleDashboardApplicationTests]
11:51:03.866 [Test worker] DEBUG org.springframework.test.annotation.ProfileValueUtils - Retrieved ProfileValueSource type [class org.springframework.test.annotation.SystemProfileValueSource] for class [com.spring.sample.dashboard.SampleDashboardApplicationTests]
11:51:03.867 [Test worker] DEBUG org.springframework.test.annotation.ProfileValueUtils - Retrieved @ProfileValueSourceConfiguration [null] for test class [com.spring.sample.dashboard.SampleDashboardApplicationTests]
11:51:03.868 [Test worker] DEBUG org.springframework.test.annotation.ProfileValueUtils - Retrieved ProfileValueSource type [class org.springframework.test.annotation.SystemProfileValueSource] for class [com.spring.sample.dashboard.SampleDashboardApplicationTests]
11:51:03.871 [Test worker] DEBUG org.springframework.test.context.support.AbstractDirtiesContextTestExecutionListener - Before test class: context [DefaultTestContext@29ef6e17 testClass = SampleDashboardApplicationTests, testInstance = [null], testMethod = [null], testException = [null], mergedContextConfiguration = [MergedContextConfiguration@686a0109 testClass = SampleDashboardApplicationTests, locations = '{}', classes = '{class com.spring.sample.dashboard.SampleDashboardApplication}', contextInitializerClasses = '[]', activeProfiles = '{}', propertySourceLocations = '{}', propertySourceProperties = '{}', contextLoader = 'org.springframework.boot.test.SpringApplicationContextLoader', parent = [null]]], class annotated with @DirtiesContext [false] with mode [null].
11:51:03.872 [Test worker] DEBUG org.springframework.test.annotation.ProfileValueUtils - Retrieved @ProfileValueSourceConfiguration [null] for test class [com.spring.sample.dashboard.SampleDashboardApplicationTests]
11:51:03.872 [Test worker] DEBUG org.springframework.test.annotation.ProfileValueUtils - Retrieved ProfileValueSource type [class org.springframework.test.annotation.SystemProfileValueSource] for class [com.spring.sample.dashboard.SampleDashboardApplicationTests]
11:51:03.876 [Test worker] DEBUG org.springframework.test.context.support.DependencyInjectionTestExecutionListener - Performing dependency injection for test context [[DefaultTestContext@29ef6e17 testClass = SampleDashboardApplicationTests, testInstance = com.spring.sample.dashboard.SampleDashboardApplicationTests@952e09f, testMethod = [null], testException = [null], mergedContextConfiguration = [MergedContextConfiguration@686a0109 testClass = SampleDashboardApplicationTests, locations = '{}', classes = '{class com.spring.sample.dashboard.SampleDashboardApplication}', contextInitializerClasses = '[]', activeProfiles = '{}', propertySourceLocations = '{}', propertySourceProperties = '{}', contextLoader = 'org.springframework.boot.test.SpringApplicationContextLoader', parent = [null]]]].
11:51:03.952 [Test worker] DEBUG org.springframework.core.env.StandardEnvironment - Adding [systemProperties] PropertySource with lowest search precedence
11:51:03.954 [Test worker] DEBUG org.springframework.core.env.StandardEnvironment - Adding [systemEnvironment] PropertySource with lowest search precedence
11:51:03.954 [Test worker] DEBUG org.springframework.core.env.StandardEnvironment - Initialized StandardEnvironment with PropertySources [systemProperties,systemEnvironment]
11:51:03.955 [Test worker] DEBUG org.springframework.core.env.StandardEnvironment - Adding [integrationTest] PropertySource with search precedence immediately lower than [systemEnvironment]
2017-01-10 11:51:04.975  INFO 2426 --- [    Test worker] s.c.a.AnnotationConfigApplicationContext : Refreshing org.springframework.context.annotation.AnnotationConfigApplicationContext@7b8e2288: startup date [Tue Jan 10 11:51:04 HKT 2017]; root of context hierarchy
2017-01-10 11:51:05.305  INFO 2426 --- [    Test worker] trationDelegate$BeanPostProcessorChecker : Bean 'configurationPropertiesRebinderAutoConfiguration' of type [class org.springframework.cloud.autoconfigure.ConfigurationPropertiesRebinderAutoConfiguration$$EnhancerBySpringCGLIB$$b86a6e8a] is not eligible for getting processed by all BeanPostProcessors (for example: not eligible for auto-proxying)

  .   ____          _            __ _ _
 /\\ / ___'_ __ _ _(_)_ __  __ _ \ \ \ \
( ( )\___ | '_ | '_| | '_ \/ _` | \ \ \ \
 \\/  ___)| |_)| | | | | || (_| |  ) ) ) )
  '  |____| .__|_| |_|_| |_\__, | / / / /
 =========|_|==============|___/=/_/_/_/
 :: Spring Boot ::        (v1.3.8.RELEASE)

2017-01-10 11:51:05.818  INFO 2426 --- [    Test worker] c.s.s.d.SampleDashboardApplicationTests  : No active profile set, falling back to default profiles: default
2017-01-10 11:51:05.840  INFO 2426 --- [    Test worker] s.c.a.AnnotationConfigApplicationContext : Refreshing org.springframework.context.annotation.AnnotationConfigApplicationContext@7dc5172f: startup date [Tue Jan 10 11:51:05 HKT 2017]; parent: org.springframework.context.annotation.AnnotationConfigApplicationContext@7b8e2288
2017-01-10 11:51:06.340  WARN 2426 --- [    Test worker] o.s.c.a.ConfigurationClassPostProcessor  : Cannot enhance @Configuration bean definition 'refreshScope' since its singleton instance has been created too early. The typical cause is a non-static @Bean method with a BeanDefinitionRegistryPostProcessor return type: Consider declaring such methods as 'static'.
2017-01-10 11:51:06.427  INFO 2426 --- [    Test worker] o.s.cloud.context.scope.GenericScope     : BeanFactory id=7f0e5d27-b605-3ef7-9f4e-46230d629ec8
2017-01-10 11:51:06.439  INFO 2426 --- [    Test worker] trationDelegate$BeanPostProcessorChecker : Bean 'org.springframework.cloud.autoconfigure.ConfigurationPropertiesRebinderAutoConfiguration' of type [class org.springframework.cloud.autoconfigure.ConfigurationPropertiesRebinderAutoConfiguration$$EnhancerBySpringCGLIB$$b86a6e8a] is not eligible for getting processed by all BeanPostProcessors (for example: not eligible for auto-proxying)
2017-01-10 11:51:06.555  INFO 2426 --- [    Test worker] o.s.ui.freemarker.SpringTemplateLoader   : SpringTemplateLoader for FreeMarker: using resource loader [org.springframework.context.annotation.AnnotationConfigApplicationContext@7dc5172f: startup date [Tue Jan 10 11:51:05 HKT 2017]; parent: org.springframework.context.annotation.AnnotationConfigApplicationContext@7b8e2288] and template loader path [classpath:/templates/]
2017-01-10 11:51:06.557  INFO 2426 --- [    Test worker] o.s.w.s.v.f.FreeMarkerConfigurer         : ClassTemplateLoader for Spring macros added to FreeMarker configuration
2017-01-10 11:51:06.760  INFO 2426 --- [    Test worker] o.s.ui.freemarker.SpringTemplateLoader   : SpringTemplateLoader for FreeMarker: using resource loader [org.springframework.context.annotation.AnnotationConfigApplicationContext@7dc5172f: startup date [Tue Jan 10 11:51:05 HKT 2017]; parent: org.springframework.context.annotation.AnnotationConfigApplicationContext@7b8e2288] and template loader path [classpath:/templates/]
2017-01-10 11:51:06.854  WARN 2426 --- [    Test worker] o.s.c.n.a.ArchaiusAutoConfiguration      : No spring.application.name found, defaulting to 'application'
2017-01-10 11:51:06.858  WARN 2426 --- [    Test worker] c.n.c.sources.URLConfigurationSource     : No URLs will be polled as dynamic configuration sources.
2017-01-10 11:51:06.858  INFO 2426 --- [    Test worker] c.n.c.sources.URLConfigurationSource     : To enable URLs as dynamic configuration sources, define System property archaius.configurationSource.additionalUrls or make config.properties available on classpath.
2017-01-10 11:51:06.865  WARN 2426 --- [    Test worker] c.n.c.sources.URLConfigurationSource     : No URLs will be polled as dynamic configuration sources.
2017-01-10 11:51:06.866  INFO 2426 --- [    Test worker] c.n.c.sources.URLConfigurationSource     : To enable URLs as dynamic configuration sources, define System property archaius.configurationSource.additionalUrls or make config.properties available on classpath.
2017-01-10 11:51:06.965  INFO 2426 --- [    Test worker] c.s.s.d.SampleDashboardApplicationTests  : Started SampleDashboardApplicationTests in 3.006 seconds (JVM running for 3.888)
]]></system-out>
  <system-err><![CDATA[]]></system-err>
</testsuite>
